2023-04-12 23:58:15,471 INFO o.a.j.u.JMeterUtils: Setting Locale to en_US
2023-04-12 23:58:15,493 INFO o.a.j.JMeter: Loading user properties from: user.properties
2023-04-12 23:58:15,494 INFO o.a.j.JMeter: Loading system properties from: system.properties
2023-04-12 23:58:15,499 INFO o.a.j.JMeter: Copyright (c) 1998-2022 The Apache Software Foundation
2023-04-12 23:58:15,499 INFO o.a.j.JMeter: Version 5.5
2023-04-12 23:58:15,499 INFO o.a.j.JMeter: java.version=11.0.17
2023-04-12 23:58:15,499 INFO o.a.j.JMeter: java.vm.name=OpenJDK 64-Bit Server VM
2023-04-12 23:58:15,499 INFO o.a.j.JMeter: os.name=Windows 10
2023-04-12 23:58:15,499 INFO o.a.j.JMeter: os.arch=amd64
2023-04-12 23:58:15,499 INFO o.a.j.JMeter: os.version=10.0
2023-04-12 23:58:15,499 INFO o.a.j.JMeter: file.encoding=Cp1252
2023-04-12 23:58:15,499 INFO o.a.j.JMeter: java.awt.headless=null
2023-04-12 23:58:15,499 INFO o.a.j.JMeter: Max memory     =8524922880
2023-04-12 23:58:15,499 INFO o.a.j.JMeter: Available Processors =8
2023-04-12 23:58:15,499 INFO o.a.j.JMeter: Default Locale=English (United States)
2023-04-12 23:58:15,499 INFO o.a.j.JMeter: JMeter  Locale=English (United States)
2023-04-12 23:58:15,499 INFO o.a.j.JMeter: JMeterHome=C:\Users\Fatih.Zorlu\OneDrive - insightsoftware\Desktop\2023 Goals\JMETER\apache-jmeter-5.5\apache-jmeter-5.5
2023-04-12 23:58:15,499 INFO o.a.j.JMeter: user.dir  =C:\Users\Fatih.Zorlu\OneDrive - insightsoftware\Desktop\2023 Goals\JMETER\apache-jmeter-5.5\apache-jmeter-5.5\bin
2023-04-12 23:58:15,499 INFO o.a.j.JMeter: PWD       =C:\Users\Fatih.Zorlu\OneDrive - insightsoftware\Desktop\2023 Goals\JMETER\apache-jmeter-5.5\apache-jmeter-5.5\bin
2023-04-12 23:58:15,575 INFO o.a.j.JMeter: IP: 10.0.0.188 Name: 5YP2R73 FullName: 10.0.0.188
2023-04-12 23:58:15,600 INFO o.a.j.JMeter: Loaded icon properties from org/apache/jmeter/images/icon.properties
2023-04-12 23:58:15,840 INFO o.a.j.JMeterGuiLauncher: Setting LAF to: com.github.weisj.darklaf.DarkLaf:com.github.weisj.darklaf.theme.DarculaTheme
2023-04-12 23:58:18,784 WARN o.j.r.PluginManager: Found JAR conflict: C:\Users\Fatih.Zorlu\OneDrive - insightsoftware\Desktop\2023 Goals\JMETER\apache-jmeter-5.5\apache-jmeter-5.5\lib\jmeter-plugins-cmn-jmeter-0.7.jar and C:\Users\Fatih.Zorlu\OneDrive - insightsoftware\Desktop\2023 Goals\JMETER\apache-jmeter-5.5\apache-jmeter-5.5\lib\jmeter-plugins-cmn-jmeter-0.4.jar
2023-04-12 23:58:18,784 WARN o.j.r.PluginManager: Found JAR conflict: C:\Users\Fatih.Zorlu\OneDrive - insightsoftware\Desktop\2023 Goals\JMETER\apache-jmeter-5.5\apache-jmeter-5.5\lib\selenium-java-4.8.3.jar and C:\Users\Fatih.Zorlu\OneDrive - insightsoftware\Desktop\2023 Goals\JMETER\apache-jmeter-5.5\apache-jmeter-5.5\lib\selenium-java-4.8.1.jar
2023-04-12 23:58:18,784 WARN o.j.r.PluginManager: Found JAR conflict: C:\Users\Fatih.Zorlu\OneDrive - insightsoftware\Desktop\2023 Goals\JMETER\apache-jmeter-5.5\apache-jmeter-5.5\lib\ext\async-http-client-2.12.3.jar and C:\Users\Fatih.Zorlu\OneDrive - insightsoftware\Desktop\2023 Goals\JMETER\apache-jmeter-5.5\apache-jmeter-5.5\lib\async-http-client-2.12.3.jar
2023-04-12 23:58:18,784 WARN o.j.r.PluginManager: Found JAR conflict: C:\Users\Fatih.Zorlu\OneDrive - insightsoftware\Desktop\2023 Goals\JMETER\apache-jmeter-5.5\apache-jmeter-5.5\lib\ext\async-http-client-netty-utils-2.12.3.jar and C:\Users\Fatih.Zorlu\OneDrive - insightsoftware\Desktop\2023 Goals\JMETER\apache-jmeter-5.5\apache-jmeter-5.5\lib\async-http-client-netty-utils-2.12.3.jar
2023-04-12 23:58:18,784 WARN o.j.r.PluginManager: Found JAR conflict: C:\Users\Fatih.Zorlu\OneDrive - insightsoftware\Desktop\2023 Goals\JMETER\apache-jmeter-5.5\apache-jmeter-5.5\lib\ext\byte-buddy-1.14.2.jar and C:\Users\Fatih.Zorlu\OneDrive - insightsoftware\Desktop\2023 Goals\JMETER\apache-jmeter-5.5\apache-jmeter-5.5\lib\byte-buddy-1.14.2.jar
2023-04-12 23:58:18,784 WARN o.j.r.PluginManager: Found JAR conflict: C:\Users\Fatih.Zorlu\OneDrive - insightsoftware\Desktop\2023 Goals\JMETER\apache-jmeter-5.5\apache-jmeter-5.5\lib\ext\commons-exec-1.3.jar and C:\Users\Fatih.Zorlu\OneDrive - insightsoftware\Desktop\2023 Goals\JMETER\apache-jmeter-5.5\apache-jmeter-5.5\lib\commons-exec-1.3.jar
2023-04-12 23:58:18,784 WARN o.j.r.PluginManager: Found JAR conflict: C:\Users\Fatih.Zorlu\OneDrive - insightsoftware\Desktop\2023 Goals\JMETER\apache-jmeter-5.5\apache-jmeter-5.5\lib\ext\failsafe-3.3.1.jar and C:\Users\Fatih.Zorlu\OneDrive - insightsoftware\Desktop\2023 Goals\JMETER\apache-jmeter-5.5\apache-jmeter-5.5\lib\failsafe-3.3.1.jar
2023-04-12 23:58:18,784 WARN o.j.r.PluginManager: Found JAR conflict: C:\Users\Fatih.Zorlu\OneDrive - insightsoftware\Desktop\2023 Goals\JMETER\apache-jmeter-5.5\apache-jmeter-5.5\lib\ext\guava-31.1-jre.jar and C:\Users\Fatih.Zorlu\OneDrive - insightsoftware\Desktop\2023 Goals\JMETER\apache-jmeter-5.5\apache-jmeter-5.5\lib\guava-31.1-jre.jar
2023-04-12 23:58:18,784 WARN o.j.r.PluginManager: Found JAR conflict: C:\Users\Fatih.Zorlu\OneDrive - insightsoftware\Desktop\2023 Goals\JMETER\apache-jmeter-5.5\apache-jmeter-5.5\lib\ext\htmlunit-2.70.0.jar and C:\Users\Fatih.Zorlu\OneDrive - insightsoftware\Desktop\2023 Goals\JMETER\apache-jmeter-5.5\apache-jmeter-5.5\lib\htmlunit-2.70.0.jar
2023-04-12 23:58:18,784 WARN o.j.r.PluginManager: Found JAR conflict: C:\Users\Fatih.Zorlu\OneDrive - insightsoftware\Desktop\2023 Goals\JMETER\apache-jmeter-5.5\apache-jmeter-5.5\lib\ext\htmlunit-core-js-2.70.0.jar and C:\Users\Fatih.Zorlu\OneDrive - insightsoftware\Desktop\2023 Goals\JMETER\apache-jmeter-5.5\apache-jmeter-5.5\lib\htmlunit-core-js-2.70.0.jar
2023-04-12 23:58:18,784 WARN o.j.r.PluginManager: Found JAR conflict: C:\Users\Fatih.Zorlu\OneDrive - insightsoftware\Desktop\2023 Goals\JMETER\apache-jmeter-5.5\apache-jmeter-5.5\lib\ext\htmlunit-cssparser-1.14.0.jar and C:\Users\Fatih.Zorlu\OneDrive - insightsoftware\Desktop\2023 Goals\JMETER\apache-jmeter-5.5\apache-jmeter-5.5\lib\htmlunit-cssparser-1.14.0.jar
2023-04-12 23:58:18,784 WARN o.j.r.PluginManager: Found JAR conflict: C:\Users\Fatih.Zorlu\OneDrive - insightsoftware\Desktop\2023 Goals\JMETER\apache-jmeter-5.5\apache-jmeter-5.5\lib\ext\htmlunit-driver-4.8.1.1.jar and C:\Users\Fatih.Zorlu\OneDrive - insightsoftware\Desktop\2023 Goals\JMETER\apache-jmeter-5.5\apache-jmeter-5.5\lib\htmlunit-driver-4.8.1.1.jar
2023-04-12 23:58:18,784 WARN o.j.r.PluginManager: Found JAR conflict: C:\Users\Fatih.Zorlu\OneDrive - insightsoftware\Desktop\2023 Goals\JMETER\apache-jmeter-5.5\apache-jmeter-5.5\lib\ext\htmlunit-xpath-2.70.0.jar and C:\Users\Fatih.Zorlu\OneDrive - insightsoftware\Desktop\2023 Goals\JMETER\apache-jmeter-5.5\apache-jmeter-5.5\lib\htmlunit-xpath-2.70.0.jar
2023-04-12 23:58:18,784 WARN o.j.r.PluginManager: Found JAR conflict: C:\Users\Fatih.Zorlu\OneDrive - insightsoftware\Desktop\2023 Goals\JMETER\apache-jmeter-5.5\apache-jmeter-5.5\lib\ext\jsyntaxpane-1.0.0.jar and C:\Users\Fatih.Zorlu\OneDrive - insightsoftware\Desktop\2023 Goals\JMETER\apache-jmeter-5.5\apache-jmeter-5.5\lib\jsyntaxpane-1.0.0.jar
2023-04-12 23:58:18,784 WARN o.j.r.PluginManager: Found JAR conflict: C:\Users\Fatih.Zorlu\OneDrive - insightsoftware\Desktop\2023 Goals\JMETER\apache-jmeter-5.5\apache-jmeter-5.5\lib\ext\neko-htmlunit-2.70.0.jar and C:\Users\Fatih.Zorlu\OneDrive - insightsoftware\Desktop\2023 Goals\JMETER\apache-jmeter-5.5\apache-jmeter-5.5\lib\neko-htmlunit-2.70.0.jar
2023-04-12 23:58:18,784 WARN o.j.r.PluginManager: Found JAR conflict: C:\Users\Fatih.Zorlu\OneDrive - insightsoftware\Desktop\2023 Goals\JMETER\apache-jmeter-5.5\apache-jmeter-5.5\lib\ext\netty-buffer-4.1.90.Final.jar and C:\Users\Fatih.Zorlu\OneDrive - insightsoftware\Desktop\2023 Goals\JMETER\apache-jmeter-5.5\apache-jmeter-5.5\lib\netty-buffer-4.1.90.Final.jar
2023-04-12 23:58:18,784 WARN o.j.r.PluginManager: Found JAR conflict: C:\Users\Fatih.Zorlu\OneDrive - insightsoftware\Desktop\2023 Goals\JMETER\apache-jmeter-5.5\apache-jmeter-5.5\lib\ext\netty-codec-4.1.90.Final.jar and C:\Users\Fatih.Zorlu\OneDrive - insightsoftware\Desktop\2023 Goals\JMETER\apache-jmeter-5.5\apache-jmeter-5.5\lib\netty-codec-4.1.90.Final.jar
2023-04-12 23:58:18,784 WARN o.j.r.PluginManager: Found JAR conflict: C:\Users\Fatih.Zorlu\OneDrive - insightsoftware\Desktop\2023 Goals\JMETER\apache-jmeter-5.5\apache-jmeter-5.5\lib\ext\netty-codec-http-4.1.90.Final.jar and C:\Users\Fatih.Zorlu\OneDrive - insightsoftware\Desktop\2023 Goals\JMETER\apache-jmeter-5.5\apache-jmeter-5.5\lib\netty-codec-http-4.1.90.Final.jar
2023-04-12 23:58:18,784 WARN o.j.r.PluginManager: Found JAR conflict: C:\Users\Fatih.Zorlu\OneDrive - insightsoftware\Desktop\2023 Goals\JMETER\apache-jmeter-5.5\apache-jmeter-5.5\lib\ext\netty-common-4.1.90.Final.jar and C:\Users\Fatih.Zorlu\OneDrive - insightsoftware\Desktop\2023 Goals\JMETER\apache-jmeter-5.5\apache-jmeter-5.5\lib\netty-common-4.1.90.Final.jar
2023-04-12 23:58:18,784 WARN o.j.r.PluginManager: Found JAR conflict: C:\Users\Fatih.Zorlu\OneDrive - insightsoftware\Desktop\2023 Goals\JMETER\apache-jmeter-5.5\apache-jmeter-5.5\lib\ext\netty-handler-4.1.90.Final.jar and C:\Users\Fatih.Zorlu\OneDrive - insightsoftware\Desktop\2023 Goals\JMETER\apache-jmeter-5.5\apache-jmeter-5.5\lib\netty-handler-4.1.90.Final.jar
2023-04-12 23:58:18,784 WARN o.j.r.PluginManager: Found JAR conflict: C:\Users\Fatih.Zorlu\OneDrive - insightsoftware\Desktop\2023 Goals\JMETER\apache-jmeter-5.5\apache-jmeter-5.5\lib\ext\netty-reactive-streams-2.0.8.jar and C:\Users\Fatih.Zorlu\OneDrive - insightsoftware\Desktop\2023 Goals\JMETER\apache-jmeter-5.5\apache-jmeter-5.5\lib\netty-reactive-streams-2.0.8.jar
2023-04-12 23:58:18,784 WARN o.j.r.PluginManager: Found JAR conflict: C:\Users\Fatih.Zorlu\OneDrive - insightsoftware\Desktop\2023 Goals\JMETER\apache-jmeter-5.5\apache-jmeter-5.5\lib\ext\netty-resolver-4.1.90.Final.jar and C:\Users\Fatih.Zorlu\OneDrive - insightsoftware\Desktop\2023 Goals\JMETER\apache-jmeter-5.5\apache-jmeter-5.5\lib\netty-resolver-4.1.90.Final.jar
2023-04-12 23:58:18,784 WARN o.j.r.PluginManager: Found JAR conflict: C:\Users\Fatih.Zorlu\OneDrive - insightsoftware\Desktop\2023 Goals\JMETER\apache-jmeter-5.5\apache-jmeter-5.5\lib\ext\netty-transport-4.1.90.Final.jar and C:\Users\Fatih.Zorlu\OneDrive - insightsoftware\Desktop\2023 Goals\JMETER\apache-jmeter-5.5\apache-jmeter-5.5\lib\netty-transport-4.1.90.Final.jar
2023-04-12 23:58:18,784 WARN o.j.r.PluginManager: Found JAR conflict: C:\Users\Fatih.Zorlu\OneDrive - insightsoftware\Desktop\2023 Goals\JMETER\apache-jmeter-5.5\apache-jmeter-5.5\lib\ext\opentelemetry-api-1.24.0.jar and C:\Users\Fatih.Zorlu\OneDrive - insightsoftware\Desktop\2023 Goals\JMETER\apache-jmeter-5.5\apache-jmeter-5.5\lib\opentelemetry-api-1.24.0.jar
2023-04-12 23:58:18,784 WARN o.j.r.PluginManager: Found JAR conflict: C:\Users\Fatih.Zorlu\OneDrive - insightsoftware\Desktop\2023 Goals\JMETER\apache-jmeter-5.5\apache-jmeter-5.5\lib\ext\opentelemetry-api-events-1.24.0-alpha.jar and C:\Users\Fatih.Zorlu\OneDrive - insightsoftware\Desktop\2023 Goals\JMETER\apache-jmeter-5.5\apache-jmeter-5.5\lib\opentelemetry-api-events-1.24.0-alpha.jar
2023-04-12 23:58:18,784 WARN o.j.r.PluginManager: Found JAR conflict: C:\Users\Fatih.Zorlu\OneDrive - insightsoftware\Desktop\2023 Goals\JMETER\apache-jmeter-5.5\apache-jmeter-5.5\lib\ext\opentelemetry-api-logs-1.24.0-alpha.jar and C:\Users\Fatih.Zorlu\OneDrive - insightsoftware\Desktop\2023 Goals\JMETER\apache-jmeter-5.5\apache-jmeter-5.5\lib\opentelemetry-api-logs-1.24.0-alpha.jar
2023-04-12 23:58:18,784 WARN o.j.r.PluginManager: Found JAR conflict: C:\Users\Fatih.Zorlu\OneDrive - insightsoftware\Desktop\2023 Goals\JMETER\apache-jmeter-5.5\apache-jmeter-5.5\lib\ext\opentelemetry-context-1.24.0.jar and C:\Users\Fatih.Zorlu\OneDrive - insightsoftware\Desktop\2023 Goals\JMETER\apache-jmeter-5.5\apache-jmeter-5.5\lib\opentelemetry-context-1.24.0.jar
2023-04-12 23:58:18,784 WARN o.j.r.PluginManager: Found JAR conflict: C:\Users\Fatih.Zorlu\OneDrive - insightsoftware\Desktop\2023 Goals\JMETER\apache-jmeter-5.5\apache-jmeter-5.5\lib\ext\opentelemetry-exporter-common-1.24.0.jar and C:\Users\Fatih.Zorlu\OneDrive - insightsoftware\Desktop\2023 Goals\JMETER\apache-jmeter-5.5\apache-jmeter-5.5\lib\opentelemetry-exporter-common-1.24.0.jar
2023-04-12 23:58:18,784 WARN o.j.r.PluginManager: Found JAR conflict: C:\Users\Fatih.Zorlu\OneDrive - insightsoftware\Desktop\2023 Goals\JMETER\apache-jmeter-5.5\apache-jmeter-5.5\lib\ext\opentelemetry-exporter-logging-1.24.0.jar and C:\Users\Fatih.Zorlu\OneDrive - insightsoftware\Desktop\2023 Goals\JMETER\apache-jmeter-5.5\apache-jmeter-5.5\lib\opentelemetry-exporter-logging-1.24.0.jar
2023-04-12 23:58:18,784 WARN o.j.r.PluginManager: Found JAR conflict: C:\Users\Fatih.Zorlu\OneDrive - insightsoftware\Desktop\2023 Goals\JMETER\apache-jmeter-5.5\apache-jmeter-5.5\lib\ext\opentelemetry-sdk-1.24.0.jar and C:\Users\Fatih.Zorlu\OneDrive - insightsoftware\Desktop\2023 Goals\JMETER\apache-jmeter-5.5\apache-jmeter-5.5\lib\opentelemetry-sdk-1.24.0.jar
2023-04-12 23:58:18,784 WARN o.j.r.PluginManager: Found JAR conflict: C:\Users\Fatih.Zorlu\OneDrive - insightsoftware\Desktop\2023 Goals\JMETER\apache-jmeter-5.5\apache-jmeter-5.5\lib\ext\opentelemetry-sdk-common-1.24.0.jar and C:\Users\Fatih.Zorlu\OneDrive - insightsoftware\Desktop\2023 Goals\JMETER\apache-jmeter-5.5\apache-jmeter-5.5\lib\opentelemetry-sdk-common-1.24.0.jar
2023-04-12 23:58:18,784 WARN o.j.r.PluginManager: Found JAR conflict: C:\Users\Fatih.Zorlu\OneDrive - insightsoftware\Desktop\2023 Goals\JMETER\apache-jmeter-5.5\apache-jmeter-5.5\lib\ext\opentelemetry-sdk-extension-autoconfigure-1.24.0-alpha.jar and C:\Users\Fatih.Zorlu\OneDrive - insightsoftware\Desktop\2023 Goals\JMETER\apache-jmeter-5.5\apache-jmeter-5.5\lib\opentelemetry-sdk-extension-autoconfigure-1.24.0-alpha.jar
2023-04-12 23:58:18,784 WARN o.j.r.PluginManager: Found JAR conflict: C:\Users\Fatih.Zorlu\OneDrive - insightsoftware\Desktop\2023 Goals\JMETER\apache-jmeter-5.5\apache-jmeter-5.5\lib\ext\opentelemetry-sdk-extension-autoconfigure-spi-1.24.0.jar and C:\Users\Fatih.Zorlu\OneDrive - insightsoftware\Desktop\2023 Goals\JMETER\apache-jmeter-5.5\apache-jmeter-5.5\lib\opentelemetry-sdk-extension-autoconfigure-spi-1.24.0.jar
2023-04-12 23:58:18,784 WARN o.j.r.PluginManager: Found JAR conflict: C:\Users\Fatih.Zorlu\OneDrive - insightsoftware\Desktop\2023 Goals\JMETER\apache-jmeter-5.5\apache-jmeter-5.5\lib\ext\opentelemetry-sdk-logs-1.24.0-alpha.jar and C:\Users\Fatih.Zorlu\OneDrive - insightsoftware\Desktop\2023 Goals\JMETER\apache-jmeter-5.5\apache-jmeter-5.5\lib\opentelemetry-sdk-logs-1.24.0-alpha.jar
2023-04-12 23:58:18,784 WARN o.j.r.PluginManager: Found JAR conflict: C:\Users\Fatih.Zorlu\OneDrive - insightsoftware\Desktop\2023 Goals\JMETER\apache-jmeter-5.5\apache-jmeter-5.5\lib\ext\opentelemetry-sdk-metrics-1.24.0.jar and C:\Users\Fatih.Zorlu\OneDrive - insightsoftware\Desktop\2023 Goals\JMETER\apache-jmeter-5.5\apache-jmeter-5.5\lib\opentelemetry-sdk-metrics-1.24.0.jar
2023-04-12 23:58:18,784 WARN o.j.r.PluginManager: Found JAR conflict: C:\Users\Fatih.Zorlu\OneDrive - insightsoftware\Desktop\2023 Goals\JMETER\apache-jmeter-5.5\apache-jmeter-5.5\lib\ext\opentelemetry-sdk-trace-1.24.0.jar and C:\Users\Fatih.Zorlu\OneDrive - insightsoftware\Desktop\2023 Goals\JMETER\apache-jmeter-5.5\apache-jmeter-5.5\lib\opentelemetry-sdk-trace-1.24.0.jar
2023-04-12 23:58:18,784 WARN o.j.r.PluginManager: Found JAR conflict: C:\Users\Fatih.Zorlu\OneDrive - insightsoftware\Desktop\2023 Goals\JMETER\apache-jmeter-5.5\apache-jmeter-5.5\lib\ext\opentelemetry-semconv-1.24.0-alpha.jar and C:\Users\Fatih.Zorlu\OneDrive - insightsoftware\Desktop\2023 Goals\JMETER\apache-jmeter-5.5\apache-jmeter-5.5\lib\opentelemetry-semconv-1.24.0-alpha.jar
2023-04-12 23:58:18,784 WARN o.j.r.PluginManager: Found JAR conflict: C:\Users\Fatih.Zorlu\OneDrive - insightsoftware\Desktop\2023 Goals\JMETER\apache-jmeter-5.5\apache-jmeter-5.5\lib\ext\selenium-api-4.8.3.jar and C:\Users\Fatih.Zorlu\OneDrive - insightsoftware\Desktop\2023 Goals\JMETER\apache-jmeter-5.5\apache-jmeter-5.5\lib\selenium-api-4.8.3.jar
2023-04-12 23:58:18,784 WARN o.j.r.PluginManager: Found JAR conflict: C:\Users\Fatih.Zorlu\OneDrive - insightsoftware\Desktop\2023 Goals\JMETER\apache-jmeter-5.5\apache-jmeter-5.5\lib\ext\selenium-chrome-driver-4.8.3.jar and C:\Users\Fatih.Zorlu\OneDrive - insightsoftware\Desktop\2023 Goals\JMETER\apache-jmeter-5.5\apache-jmeter-5.5\lib\selenium-chrome-driver-4.8.3.jar
2023-04-12 23:58:18,784 WARN o.j.r.PluginManager: Found JAR conflict: C:\Users\Fatih.Zorlu\OneDrive - insightsoftware\Desktop\2023 Goals\JMETER\apache-jmeter-5.5\apache-jmeter-5.5\lib\ext\selenium-chromium-driver-4.8.3.jar and C:\Users\Fatih.Zorlu\OneDrive - insightsoftware\Desktop\2023 Goals\JMETER\apache-jmeter-5.5\apache-jmeter-5.5\lib\selenium-chromium-driver-4.8.3.jar
2023-04-12 23:58:18,784 WARN o.j.r.PluginManager: Found JAR conflict: C:\Users\Fatih.Zorlu\OneDrive - insightsoftware\Desktop\2023 Goals\JMETER\apache-jmeter-5.5\apache-jmeter-5.5\lib\ext\selenium-edge-driver-4.8.3.jar and C:\Users\Fatih.Zorlu\OneDrive - insightsoftware\Desktop\2023 Goals\JMETER\apache-jmeter-5.5\apache-jmeter-5.5\lib\selenium-edge-driver-4.8.3.jar
2023-04-12 23:58:18,784 WARN o.j.r.PluginManager: Found JAR conflict: C:\Users\Fatih.Zorlu\OneDrive - insightsoftware\Desktop\2023 Goals\JMETER\apache-jmeter-5.5\apache-jmeter-5.5\lib\ext\selenium-firefox-driver-4.8.3.jar and C:\Users\Fatih.Zorlu\OneDrive - insightsoftware\Desktop\2023 Goals\JMETER\apache-jmeter-5.5\apache-jmeter-5.5\lib\selenium-firefox-driver-4.8.3.jar
2023-04-12 23:58:18,784 WARN o.j.r.PluginManager: Found JAR conflict: C:\Users\Fatih.Zorlu\OneDrive - insightsoftware\Desktop\2023 Goals\JMETER\apache-jmeter-5.5\apache-jmeter-5.5\lib\ext\selenium-http-4.8.3.jar and C:\Users\Fatih.Zorlu\OneDrive - insightsoftware\Desktop\2023 Goals\JMETER\apache-jmeter-5.5\apache-jmeter-5.5\lib\selenium-http-4.8.3.jar
2023-04-12 23:58:18,784 WARN o.j.r.PluginManager: Found JAR conflict: C:\Users\Fatih.Zorlu\OneDrive - insightsoftware\Desktop\2023 Goals\JMETER\apache-jmeter-5.5\apache-jmeter-5.5\lib\ext\selenium-ie-driver-4.8.3.jar and C:\Users\Fatih.Zorlu\OneDrive - insightsoftware\Desktop\2023 Goals\JMETER\apache-jmeter-5.5\apache-jmeter-5.5\lib\selenium-ie-driver-4.8.3.jar
2023-04-12 23:58:18,784 WARN o.j.r.PluginManager: Found JAR conflict: C:\Users\Fatih.Zorlu\OneDrive - insightsoftware\Desktop\2023 Goals\JMETER\apache-jmeter-5.5\apache-jmeter-5.5\lib\ext\selenium-java-4.8.3.jar and C:\Users\Fatih.Zorlu\OneDrive - insightsoftware\Desktop\2023 Goals\JMETER\apache-jmeter-5.5\apache-jmeter-5.5\lib\selenium-java-4.8.3.jar
2023-04-12 23:58:18,784 WARN o.j.r.PluginManager: Found JAR conflict: C:\Users\Fatih.Zorlu\OneDrive - insightsoftware\Desktop\2023 Goals\JMETER\apache-jmeter-5.5\apache-jmeter-5.5\lib\ext\selenium-json-4.8.3.jar and C:\Users\Fatih.Zorlu\OneDrive - insightsoftware\Desktop\2023 Goals\JMETER\apache-jmeter-5.5\apache-jmeter-5.5\lib\selenium-json-4.8.3.jar
2023-04-12 23:58:18,784 WARN o.j.r.PluginManager: Found JAR conflict: C:\Users\Fatih.Zorlu\OneDrive - insightsoftware\Desktop\2023 Goals\JMETER\apache-jmeter-5.5\apache-jmeter-5.5\lib\ext\selenium-remote-driver-4.8.3.jar and C:\Users\Fatih.Zorlu\OneDrive - insightsoftware\Desktop\2023 Goals\JMETER\apache-jmeter-5.5\apache-jmeter-5.5\lib\selenium-remote-driver-4.8.3.jar
2023-04-12 23:58:18,784 WARN o.j.r.PluginManager: Found JAR conflict: C:\Users\Fatih.Zorlu\OneDrive - insightsoftware\Desktop\2023 Goals\JMETER\apache-jmeter-5.5\apache-jmeter-5.5\lib\ext\selenium-support-4.8.3.jar and C:\Users\Fatih.Zorlu\OneDrive - insightsoftware\Desktop\2023 Goals\JMETER\apache-jmeter-5.5\apache-jmeter-5.5\lib\selenium-support-4.8.3.jar
2023-04-12 23:58:18,784 WARN o.j.r.PluginManager: Found JAR conflict: C:\Users\Fatih.Zorlu\OneDrive - insightsoftware\Desktop\2023 Goals\JMETER\apache-jmeter-5.5\apache-jmeter-5.5\lib\junit\junitSeleniumTestMain.jar and C:\Users\Fatih.Zorlu\OneDrive - insightsoftware\Desktop\2023 Goals\JMETER\apache-jmeter-5.5\apache-jmeter-5.5\lib\junitSeleniumTestMain.jar
2023-04-12 23:58:18,784 WARN o.j.r.PluginManager: Found JAR conflict: C:\Users\Fatih.Zorlu\OneDrive - insightsoftware\Desktop\2023 Goals\JMETER\apache-jmeter-5.5\apache-jmeter-5.5\lib\junit\TasksTest.jar and C:\Users\Fatih.Zorlu\OneDrive - insightsoftware\Desktop\2023 Goals\JMETER\apache-jmeter-5.5\apache-jmeter-5.5\lib\TasksTest.jar
2023-04-12 23:58:19,202 INFO o.j.r.JARSourceHTTP: Requesting https://jmeter-plugins.org/repo/?installID=windows_10-270b400d6004dc2b8b70d8c2d06cb497-gui
2023-04-12 23:58:20,881 INFO o.j.r.PluginManager: Plugins Status: [jpgc-graphs-basic=2.0, jpgc-graphs-additional=2.0, jpgc-plugins-manager=1.9, jpgc-webdriver=4.8.3.1, jmeter-core=5.5, jmeter-ftp=5.5, jmeter-http=5.5, jmeter-jdbc=5.5, jmeter-jms=5.5, jmeter-junit=5.5, jmeter-java=5.5, jmeter-ldap=5.5, jmeter-mail=5.5, jmeter-mongodb=5.5, jmeter-native=5.5, jmeter-tcp=5.5, jmeter-components=5.5]
2023-04-13 00:00:54,417 INFO o.a.j.s.FileServer: Default base='C:\Users\Fatih.Zorlu\OneDrive - insightsoftware\Desktop\2023 Goals\JMETER\apache-jmeter-5.5\apache-jmeter-5.5\bin'
2023-04-13 00:00:54,417 INFO o.a.j.g.a.Load: Loading file: C:\Users\Fatih.Zorlu\OneDrive - insightsoftware\Desktop\2023 Goals\JMETER\apache-jmeter-5.5\apache-jmeter-5.5\bin\junitselenium.jmx
2023-04-13 00:00:54,417 INFO o.a.j.s.FileServer: Set new base='C:\Users\Fatih.Zorlu\OneDrive - insightsoftware\Desktop\2023 Goals\JMETER\apache-jmeter-5.5\apache-jmeter-5.5\bin'
2023-04-13 00:00:54,561 INFO o.a.j.s.SaveService: Testplan (JMX) version: 2.2. Testlog (JTL) version: 2.2
2023-04-13 00:00:54,576 INFO o.a.j.s.SaveService: Using SaveService properties version 5.0
2023-04-13 00:00:54,576 INFO o.a.j.s.SaveService: Using SaveService properties file encoding UTF-8
2023-04-13 00:00:54,576 INFO o.a.j.s.SaveService: Loading file: C:\Users\Fatih.Zorlu\OneDrive - insightsoftware\Desktop\2023 Goals\JMETER\apache-jmeter-5.5\apache-jmeter-5.5\bin\junitselenium.jmx
2023-04-13 00:00:59,303 INFO o.a.j.s.SampleResult: Note: Sample TimeStamps are START times
2023-04-13 00:00:59,303 INFO o.a.j.s.SampleResult: sampleresult.default.encoding is set to ISO-8859-1
2023-04-13 00:00:59,303 INFO o.a.j.s.SampleResult: sampleresult.useNanoTime=true
2023-04-13 00:00:59,303 INFO o.a.j.s.SampleResult: sampleresult.nanoThreadSleep=5000
2023-04-13 00:00:59,362 INFO o.a.j.v.ViewResultsFullVisualizer: Add JavaFX to your Java installation if you want to use renderer: org.apache.jmeter.visualizers.RenderInBrowser
2023-04-13 00:00:59,443 INFO o.a.j.s.FileServer: Set new base='C:\Users\Fatih.Zorlu\OneDrive - insightsoftware\Desktop\2023 Goals\JMETER\apache-jmeter-5.5\apache-jmeter-5.5\bin'
2023-04-13 00:27:45,253 INFO o.a.j.e.StandardJMeterEngine: Running the test!
2023-04-13 00:27:45,254 INFO o.a.j.s.SampleEvent: List of sample_variables: []
2023-04-13 00:27:45,254 INFO o.a.j.s.SampleEvent: List of sample_variables: []
2023-04-13 00:27:45,255 INFO o.a.j.e.u.CompoundVariable: Note: Function class names must contain the string: '.functions.'
2023-04-13 00:27:45,255 INFO o.a.j.e.u.CompoundVariable: Note: Function class names must not contain the string: '.gui.'
2023-04-13 00:27:45,472 INFO o.a.j.g.u.JMeterMenuBar: setRunning(true, *local*)
2023-04-13 00:27:45,537 INFO o.a.j.e.StandardJMeterEngine: Starting ThreadGroup: 1 : Thread Group
2023-04-13 00:27:45,537 INFO o.a.j.e.StandardJMeterEngine: Starting 1 threads for group Thread Group.
2023-04-13 00:27:45,537 INFO o.a.j.e.StandardJMeterEngine: Thread will continue on error
2023-04-13 00:27:45,538 INFO o.a.j.t.ThreadGroup: Starting thread group... number=1 threads=1 ramp-up=1 delayedStart=false
2023-04-13 00:27:45,539 INFO o.a.j.t.ThreadGroup: Started thread group number 1
2023-04-13 00:27:45,540 INFO o.a.j.e.StandardJMeterEngine: All thread groups have been started
2023-04-13 00:27:45,540 INFO o.a.j.t.JMeterThread: Thread started: Thread Group 1-1
2023-04-13 00:27:45,542 INFO o.a.j.p.j.s.JUnitSampler: Trying to find constructor with one String parameter returned error: org.example.Main.<init>(java.lang.String)
2023-04-13 00:27:48,512 INFO o.a.j.t.JMeterThread: Thread is done: Thread Group 1-1
2023-04-13 00:27:48,512 INFO o.a.j.t.JMeterThread: Thread finished: Thread Group 1-1
2023-04-13 00:27:48,512 INFO o.a.j.e.StandardJMeterEngine: Notifying test listeners of end of test
2023-04-13 00:27:48,514 INFO o.a.j.g.u.JMeterMenuBar: setRunning(false, *local*)
